Arguments: 
  C:\Program Files\nodejs\node.exe C:\Users\amerx\AppData\Roaming\npm\node_modules\yarn\bin\yarn.js

PATH: 
  C:\Program Files (x86)\Common Files\Oracle\Java\javapath;C:\Windows\system32;C:\Windows;C:\Windows\System32\Wbem;C:\Windows\System32\WindowsPowerShell\v1.0\;C:\Windows\System32\OpenSSH\;C:\Program Files\Microsoft SQL Server\150\Tools\Binn\;C:\Program Files (x86)\Java\jre1.8.0_351\bin;C:\Program Files\Git\cmd;C:\Program Files\nodejs\;C:\Program Files\PowerShell\7\;C:\Users\amerx\AppData\Local\Microsoft\WindowsApps;C:\Users\amerx\AppData\Local\Programs\Microsoft VS Code\bin;C:\xampp\php;C:\Program Files\JetBrains\PhpStorm 2022.2\bin;;C:\Program Files\heroku\bin;C:\Users\amerx\AppData\Local\Programs\mongosh\;C:\Users\amerx\AppData\Roaming\npm

Yarn version: 
  1.22.19

Node version: 
  18.14.2

Platform: 
  win32 x64

Trace: 
  Error: EPERM: operation not permitted, copyfile 'C:\Users\amerx\AppData\Local\Yarn\Cache\v6\npm-react-native-paper-5.3.1-09a1164bcd8afa62063384646b9fb4bf563f407b-integrity\node_modules\react-native-paper\lib\commonjs\components\List\List.js' -> 'C:\Users\amerx\Desktop\CraveCornerApp\node_modules\react-native-paper\lib\commonjs\components\List\List.js'

npm manifest: 
  {
    "name": "Cravecorner",
    "version": "1.0.0",
    "main": "node_modules/expo/AppEntry.js",
    "scripts": {
      "start": "expo start",
      "android": "expo start --android",
      "ios": "expo start --ios",
      "web": "expo start --web"
    },
    "dependencies": {
      "@gorhom/bottom-sheet": "4",
      "@react-native-async-storage/async-storage": "1.17.11",
      "@react-native-community/geolocation": "^3.0.5",
      "@react-navigation/native": "^6.1.1",
      "@react-navigation/native-stack": "^6.9.6",
      "@reduxjs/toolkit": "^1.9.1",
      "@turf/turf": "^6.5.0",
      "axios": "^1.2.1",
      "expo": "^48.0.5",
      "expo-font": "~11.1.1",
      "expo-linear-gradient": "~12.1.1",
      "expo-localization": "^14.1.1",
      "expo-location": "~15.1.1",
      "expo-splash-screen": "~0.18.1",
      "expo-status-bar": "~1.4.4",
      "lottie-ios": "3.4.0",
      "lottie-react-native": "5.1.4",
      "react": "18.2.0",
      "react-dom": "18.2.0",
      "react-native": "0.71.3",
      "react-native-animatable": "^1.3.3",
      "react-native-gesture-handler": "~2.9.0",
      "react-native-heroicons": "^3.2.0",
      "react-native-linear-gradient": "^2.6.2",
      "react-native-maps": "1.3.2",
      "react-native-modal": "^13.0.1",
      "react-native-paper": "^5.1.1",
      "react-native-reanimated": "~2.14.4",
      "react-native-safe-area-context": "4.5.0",
      "react-native-screens": "~3.20.0",
      "react-native-shimmer-placeholder": "^2.0.9",
      "react-native-svg": "13.4.0",
      "react-native-web": "~0.18.11",
      "react-redux": "^8.0.5",
      "reanimated-bottom-sheet": "^1.0.0-alpha.22",
      "tailwindcss-react-native": "^1.7.10"
    },
    "devDependencies": {
      "@babel/core": "^7.20.0",
      "@expo/config-plugins": "~6.0.0",
      "tailwindcss": "^3.2.4"
    },
    "private": true
  }

yarn manifest: 
  No manifest

Lockfile: 
  No lockfile
